<?xml version="1.0" encoding="UTF-8"?>
<!-- Generated by org.testng.reporters.JUnitReportReporter -->
<testsuite hostname="SHEKHAR" failures="0" tests="2" name="org.Testcase.AutomationExercises.AutomationTestCase3" time="10.247" errors="0" timestamp="2023-06-21T15:07:51 IST" skipped="0">
  <testcase classname="org.Testcase.AutomationExercises.AutomationTestCase3" name="scenarioDemo" time="5.891"/>
  <system-out/>
  <testcase classname="org.Testcase.AutomationExercises.AutomationTestCase3" name="scenarioDemo" time="4.356"/>
  <system-out/>
</testsuite> <!-- org.Testcase.AutomationExercises.AutomationTestCase3 -->
