<?xml version="1.0" encoding="UTF-8"?>
<!-- Generated by org.testng.reporters.JUnitReportReporter -->
<testsuite hostname="SHEKHAR" failures="0" tests="2" name="org.Testcase.AutomationExercises.AutomationTestCase2" time="17.902" errors="0" timestamp="2023-06-25T14:32:26 IST" skipped="0">
  <testcase classname="org.Testcase.AutomationExercises.AutomationTestCase2" name="scenarioDemo" time="9.096"/>
  <system-out/>
  <testcase classname="org.Testcase.AutomationExercises.AutomationTestCase2" name="scenarioDemo" time="8.806"/>
  <system-out/>
</testsuite> <!-- org.Testcase.AutomationExercises.AutomationTestCase2 -->
