<?xml version="1.0" encoding="UTF-8"?>
<!-- Generated by org.testng.reporters.JUnitReportReporter -->
<testsuite hostname="SHEKHAR" failures="0" tests="2" name="org.Testcase.AutomationExercises.AutomationTestCase3" time="7.032" errors="0" timestamp="2023-06-25T14:34:08 IST" skipped="0">
  <testcase classname="org.Testcase.AutomationExercises.AutomationTestCase3" name="scenarioDemo" time="3.632"/>
  <system-out/>
  <testcase classname="org.Testcase.AutomationExercises.AutomationTestCase3" name="scenarioDemo" time="3.400"/>
  <system-out/>
</testsuite> <!-- org.Testcase.AutomationExercises.AutomationTestCase3 -->
